  Compras.cpp
C:\Users\Lenovo\TEC\Datos\Progra3\Proyecto3\Arboles\ArbolAux.h(46,20): warning C4267: 'initializing': conversion from 'size_t' to 'int', possible loss of data
C:\Users\Lenovo\TEC\Datos\Progra3\Proyecto3\Arboles\ArbolAux.h(60,20): warning C4267: 'initializing': conversion from 'size_t' to 'int', possible loss of data
C:\Users\Lenovo\TEC\Datos\Progra3\Proyecto3\Arboles\Restaurantes.h(319,18): warning C4553: '==': result of expression not used; did you intend '='?
  Fila.cpp
C:\Users\Lenovo\TEC\Datos\Progra3\Proyecto3\Arboles\ArbolAux.h(46,20): warning C4267: 'initializing': conversion from 'size_t' to 'int', possible loss of data
C:\Users\Lenovo\TEC\Datos\Progra3\Proyecto3\Arboles\ArbolAux.h(60,20): warning C4267: 'initializing': conversion from 'size_t' to 'int', possible loss of data
C:\Users\Lenovo\TEC\Datos\Progra3\Proyecto3\Arboles\Restaurantes.h(319,18): warning C4553: '==': result of expression not used; did you intend '='?
  Menus.cpp
C:\Users\Lenovo\TEC\Datos\Progra3\Proyecto3\Arboles\ArbolAux.h(46,20): warning C4267: 'initializing': conversion from 'size_t' to 'int', possible loss of data
C:\Users\Lenovo\TEC\Datos\Progra3\Proyecto3\Arboles\ArbolAux.h(60,20): warning C4267: 'initializing': conversion from 'size_t' to 'int', possible loss of data
C:\Users\Lenovo\TEC\Datos\Progra3\Proyecto3\Arboles\Restaurantes.h(319,18): warning C4553: '==': result of expression not used; did you intend '='?
C:\Users\Lenovo\TEC\Datos\Progra3\Proyecto3\Arboles\Menus.cpp(238,14): warning C4553: '==': result of expression not used; did you intend '='?
  Producto.cpp
C:\Users\Lenovo\TEC\Datos\Progra3\Proyecto3\Arboles\ArbolAux.h(46,20): warning C4267: 'initializing': conversion from 'size_t' to 'int', possible loss of data
C:\Users\Lenovo\TEC\Datos\Progra3\Proyecto3\Arboles\ArbolAux.h(60,20): warning C4267: 'initializing': conversion from 'size_t' to 'int', possible loss of data
C:\Users\Lenovo\TEC\Datos\Progra3\Proyecto3\Arboles\Restaurantes.h(319,18): warning C4553: '==': result of expression not used; did you intend '='?
C:\Users\Lenovo\TEC\Datos\Progra3\Proyecto3\Arboles\Producto.cpp(288,18): warning C4553: '==': result of expression not used; did you intend '='?
  IngresoDatos.cpp
C:\Users\Lenovo\TEC\Datos\Progra3\Proyecto3\Arboles\ArbolAux.h(46,20): warning C4267: 'initializing': conversion from 'size_t' to 'int', possible loss of data
C:\Users\Lenovo\TEC\Datos\Progra3\Proyecto3\Arboles\ArbolAux.h(60,20): warning C4267: 'initializing': conversion from 'size_t' to 'int', possible loss of data
C:\Users\Lenovo\TEC\Datos\Progra3\Proyecto3\Arboles\Restaurantes.h(319,18): warning C4553: '==': result of expression not used; did you intend '='?
C:\Users\Lenovo\TEC\Datos\Progra3\Proyecto3\IngresoDatos.h(782,57): warning C4390: ';': empty controlled statement found; is this the intent?
  Inicio.cpp
C:\Users\Lenovo\TEC\Datos\Progra3\Proyecto3\Arboles\ArbolAux.h(46,20): warning C4267: 'initializing': conversion from 'size_t' to 'int', possible loss of data
C:\Users\Lenovo\TEC\Datos\Progra3\Proyecto3\Arboles\ArbolAux.h(60,20): warning C4267: 'initializing': conversion from 'size_t' to 'int', possible loss of data
C:\Users\Lenovo\TEC\Datos\Progra3\Proyecto3\Arboles\Restaurantes.h(319,18): warning C4553: '==': result of expression not used; did you intend '='?
C:\Users\Lenovo\TEC\Datos\Progra3\Proyecto3\IngresoDatos.h(782,57): warning C4390: ';': empty controlled statement found; is this the intent?
C:\Users\Lenovo\TEC\Datos\Progra3\Proyecto3\Inicio.cpp(7,1): warning C4829: Possibly incorrect parameters to function main. Consider 'int main(Platform::Array<Platform::String^>^ argv)'
  Ventana.cpp
C:\Users\Lenovo\TEC\Datos\Progra3\Proyecto3\Arboles\ArbolAux.h(46,20): warning C4267: 'initializing': conversion from 'size_t' to 'int', possible loss of data
C:\Users\Lenovo\TEC\Datos\Progra3\Proyecto3\Arboles\ArbolAux.h(60,20): warning C4267: 'initializing': conversion from 'size_t' to 'int', possible loss of data
C:\Users\Lenovo\TEC\Datos\Progra3\Proyecto3\Arboles\Restaurantes.h(319,18): warning C4553: '==': result of expression not used; did you intend '='?
C:\Users\Lenovo\TEC\Datos\Progra3\Proyecto3\IngresoDatos.h(782,57): warning C4390: ';': empty controlled statement found; is this the intent?
  Generating Code...
  Admins.obj : MSIL module encountered; incremental linking is disabled for MSIL; performing full link
  Proyecto3.vcxproj -> C:\Users\Lenovo\TEC\Datos\Progra3\x64\Debug\Proyecto3.exe
