  Ciudades.cpp
C:\Users\Lenovo\TEC\Datos\Progra3\Proyecto3\Proyecto3\Arboles\ArbolAux.h(46,20): warning C4267: 'initializing': conversion from 'size_t' to 'int', possible loss of data
C:\Users\Lenovo\TEC\Datos\Progra3\Proyecto3\Proyecto3\Arboles\ArbolAux.h(60,20): warning C4267: 'initializing': conversion from 'size_t' to 'int', possible loss of data
C:\Users\Lenovo\TEC\Datos\Progra3\Proyecto3\Proyecto3\Arboles\Paises.h(42,10): error C2535: 'bool ArbolP::ArbolVacio(void)': member function already defined or declared
C:\Users\Lenovo\TEC\Datos\Progra3\Proyecto3\Proyecto3\Arboles\Paises.h(37,10): message : see declaration of 'ArbolP::ArbolVacio'
C:\Users\Lenovo\TEC\Datos\Progra3\Proyecto3\Proyecto3\Arboles\Ciudades.h(58,10): error C2535: 'bool ArbolC::ArbolVacio(void)': member function already defined or declared
C:\Users\Lenovo\TEC\Datos\Progra3\Proyecto3\Proyecto3\Arboles\Ciudades.h(40,10): message : see declaration of 'ArbolC::ArbolVacio'
C:\Users\Lenovo\TEC\Datos\Progra3\Proyecto3\Proyecto3\Arboles\Ciudades.cpp(102,14): warning C4553: '==': result of expression not used; did you intend '='?
  Compras.cpp
C:\Users\Lenovo\TEC\Datos\Progra3\Proyecto3\Proyecto3\Arboles\ArbolAux.h(46,20): warning C4267: 'initializing': conversion from 'size_t' to 'int', possible loss of data
C:\Users\Lenovo\TEC\Datos\Progra3\Proyecto3\Proyecto3\Arboles\ArbolAux.h(60,20): warning C4267: 'initializing': conversion from 'size_t' to 'int', possible loss of data
C:\Users\Lenovo\TEC\Datos\Progra3\Proyecto3\Proyecto3\Arboles\Paises.h(42,10): error C2535: 'bool ArbolP::ArbolVacio(void)': member function already defined or declared
C:\Users\Lenovo\TEC\Datos\Progra3\Proyecto3\Proyecto3\Arboles\Paises.h(37,10): message : see declaration of 'ArbolP::ArbolVacio'
C:\Users\Lenovo\TEC\Datos\Progra3\Proyecto3\Proyecto3\Arboles\Ciudades.h(58,10): error C2535: 'bool ArbolC::ArbolVacio(void)': member function already defined or declared
C:\Users\Lenovo\TEC\Datos\Progra3\Proyecto3\Proyecto3\Arboles\Ciudades.h(40,10): message : see declaration of 'ArbolC::ArbolVacio'
C:\Users\Lenovo\TEC\Datos\Progra3\Proyecto3\Proyecto3\Arboles\Restaurantes.h(356,10): error C2535: 'bool ArbolR::ArbolVacio(void)': member function already defined or declared
C:\Users\Lenovo\TEC\Datos\Progra3\Proyecto3\Proyecto3\Arboles\Restaurantes.h(48,10): message : see declaration of 'ArbolR::ArbolVacio'
C:\Users\Lenovo\TEC\Datos\Progra3\Proyecto3\Proyecto3\Arboles\Restaurantes.h(58,18): warning C4553: '==': result of expression not used; did you intend '='?
  Fila.cpp
C:\Users\Lenovo\TEC\Datos\Progra3\Proyecto3\Proyecto3\Arboles\ArbolAux.h(46,20): warning C4267: 'initializing': conversion from 'size_t' to 'int', possible loss of data
C:\Users\Lenovo\TEC\Datos\Progra3\Proyecto3\Proyecto3\Arboles\ArbolAux.h(60,20): warning C4267: 'initializing': conversion from 'size_t' to 'int', possible loss of data
C:\Users\Lenovo\TEC\Datos\Progra3\Proyecto3\Proyecto3\Arboles\Paises.h(42,10): error C2535: 'bool ArbolP::ArbolVacio(void)': member function already defined or declared
C:\Users\Lenovo\TEC\Datos\Progra3\Proyecto3\Proyecto3\Arboles\Paises.h(37,10): message : see declaration of 'ArbolP::ArbolVacio'
C:\Users\Lenovo\TEC\Datos\Progra3\Proyecto3\Proyecto3\Arboles\Ciudades.h(58,10): error C2535: 'bool ArbolC::ArbolVacio(void)': member function already defined or declared
C:\Users\Lenovo\TEC\Datos\Progra3\Proyecto3\Proyecto3\Arboles\Ciudades.h(40,10): message : see declaration of 'ArbolC::ArbolVacio'
C:\Users\Lenovo\TEC\Datos\Progra3\Proyecto3\Proyecto3\Arboles\Restaurantes.h(356,10): error C2535: 'bool ArbolR::ArbolVacio(void)': member function already defined or declared
C:\Users\Lenovo\TEC\Datos\Progra3\Proyecto3\Proyecto3\Arboles\Restaurantes.h(48,10): message : see declaration of 'ArbolR::ArbolVacio'
C:\Users\Lenovo\TEC\Datos\Progra3\Proyecto3\Proyecto3\Arboles\Restaurantes.h(58,18): warning C4553: '==': result of expression not used; did you intend '='?
  Menus.cpp
C:\Users\Lenovo\TEC\Datos\Progra3\Proyecto3\Proyecto3\Arboles\ArbolAux.h(46,20): warning C4267: 'initializing': conversion from 'size_t' to 'int', possible loss of data
C:\Users\Lenovo\TEC\Datos\Progra3\Proyecto3\Proyecto3\Arboles\ArbolAux.h(60,20): warning C4267: 'initializing': conversion from 'size_t' to 'int', possible loss of data
C:\Users\Lenovo\TEC\Datos\Progra3\Proyecto3\Proyecto3\Arboles\Paises.h(42,10): error C2535: 'bool ArbolP::ArbolVacio(void)': member function already defined or declared
C:\Users\Lenovo\TEC\Datos\Progra3\Proyecto3\Proyecto3\Arboles\Paises.h(37,10): message : see declaration of 'ArbolP::ArbolVacio'
C:\Users\Lenovo\TEC\Datos\Progra3\Proyecto3\Proyecto3\Arboles\Ciudades.h(58,10): error C2535: 'bool ArbolC::ArbolVacio(void)': member function already defined or declared
C:\Users\Lenovo\TEC\Datos\Progra3\Proyecto3\Proyecto3\Arboles\Ciudades.h(40,10): message : see declaration of 'ArbolC::ArbolVacio'
C:\Users\Lenovo\TEC\Datos\Progra3\Proyecto3\Proyecto3\Arboles\Restaurantes.h(356,10): error C2535: 'bool ArbolR::ArbolVacio(void)': member function already defined or declared
C:\Users\Lenovo\TEC\Datos\Progra3\Proyecto3\Proyecto3\Arboles\Restaurantes.h(48,10): message : see declaration of 'ArbolR::ArbolVacio'
C:\Users\Lenovo\TEC\Datos\Progra3\Proyecto3\Proyecto3\Arboles\Restaurantes.h(58,18): warning C4553: '==': result of expression not used; did you intend '='?
C:\Users\Lenovo\TEC\Datos\Progra3\Proyecto3\Proyecto3\Arboles\Menus.cpp(49,14): warning C4553: '==': result of expression not used; did you intend '='?
  Paises.cpp
C:\Users\Lenovo\TEC\Datos\Progra3\Proyecto3\Proyecto3\Arboles\ArbolAux.h(46,20): warning C4267: 'initializing': conversion from 'size_t' to 'int', possible loss of data
C:\Users\Lenovo\TEC\Datos\Progra3\Proyecto3\Proyecto3\Arboles\ArbolAux.h(60,20): warning C4267: 'initializing': conversion from 'size_t' to 'int', possible loss of data
C:\Users\Lenovo\TEC\Datos\Progra3\Proyecto3\Proyecto3\Arboles\Paises.h(42,10): error C2535: 'bool ArbolP::ArbolVacio(void)': member function already defined or declared
C:\Users\Lenovo\TEC\Datos\Progra3\Proyecto3\Proyecto3\Arboles\Paises.h(37,10): message : see declaration of 'ArbolP::ArbolVacio'
C:\Users\Lenovo\TEC\Datos\Progra3\Proyecto3\Proyecto3\Arboles\Paises.cpp(69,14): warning C4553: '==': result of expression not used; did you intend '='?
  Producto.cpp
C:\Users\Lenovo\TEC\Datos\Progra3\Proyecto3\Proyecto3\Arboles\ArbolAux.h(46,20): warning C4267: 'initializing': conversion from 'size_t' to 'int', possible loss of data
C:\Users\Lenovo\TEC\Datos\Progra3\Proyecto3\Proyecto3\Arboles\ArbolAux.h(60,20): warning C4267: 'initializing': conversion from 'size_t' to 'int', possible loss of data
C:\Users\Lenovo\TEC\Datos\Progra3\Proyecto3\Proyecto3\Arboles\Paises.h(42,10): error C2535: 'bool ArbolP::ArbolVacio(void)': member function already defined or declared
C:\Users\Lenovo\TEC\Datos\Progra3\Proyecto3\Proyecto3\Arboles\Paises.h(37,10): message : see declaration of 'ArbolP::ArbolVacio'
C:\Users\Lenovo\TEC\Datos\Progra3\Proyecto3\Proyecto3\Arboles\Ciudades.h(58,10): error C2535: 'bool ArbolC::ArbolVacio(void)': member function already defined or declared
C:\Users\Lenovo\TEC\Datos\Progra3\Proyecto3\Proyecto3\Arboles\Ciudades.h(40,10): message : see declaration of 'ArbolC::ArbolVacio'
C:\Users\Lenovo\TEC\Datos\Progra3\Proyecto3\Proyecto3\Arboles\Restaurantes.h(356,10): error C2535: 'bool ArbolR::ArbolVacio(void)': member function already defined or declared
C:\Users\Lenovo\TEC\Datos\Progra3\Proyecto3\Proyecto3\Arboles\Restaurantes.h(48,10): message : see declaration of 'ArbolR::ArbolVacio'
C:\Users\Lenovo\TEC\Datos\Progra3\Proyecto3\Proyecto3\Arboles\Restaurantes.h(58,18): warning C4553: '==': result of expression not used; did you intend '='?
C:\Users\Lenovo\TEC\Datos\Progra3\Proyecto3\Proyecto3\Arboles\Producto.cpp(39,14): warning C4553: '==': result of expression not used; did you intend '='?
  IngresoDatos.cpp
C:\Users\Lenovo\TEC\Datos\Progra3\Proyecto3\Proyecto3\Arboles\ArbolAux.h(46,20): warning C4267: 'initializing': conversion from 'size_t' to 'int', possible loss of data
C:\Users\Lenovo\TEC\Datos\Progra3\Proyecto3\Proyecto3\Arboles\ArbolAux.h(60,20): warning C4267: 'initializing': conversion from 'size_t' to 'int', possible loss of data
C:\Users\Lenovo\TEC\Datos\Progra3\Proyecto3\Proyecto3\Arboles\Paises.h(42,10): error C2535: 'bool ArbolP::ArbolVacio(void)': member function already defined or declared
C:\Users\Lenovo\TEC\Datos\Progra3\Proyecto3\Proyecto3\Arboles\Paises.h(37,10): message : see declaration of 'ArbolP::ArbolVacio'
C:\Users\Lenovo\TEC\Datos\Progra3\Proyecto3\Proyecto3\Arboles\Ciudades.h(58,10): error C2535: 'bool ArbolC::ArbolVacio(void)': member function already defined or declared
C:\Users\Lenovo\TEC\Datos\Progra3\Proyecto3\Proyecto3\Arboles\Ciudades.h(40,10): message : see declaration of 'ArbolC::ArbolVacio'
C:\Users\Lenovo\TEC\Datos\Progra3\Proyecto3\Proyecto3\Arboles\Restaurantes.h(356,10): error C2535: 'bool ArbolR::ArbolVacio(void)': member function already defined or declared
C:\Users\Lenovo\TEC\Datos\Progra3\Proyecto3\Proyecto3\Arboles\Restaurantes.h(48,10): message : see declaration of 'ArbolR::ArbolVacio'
C:\Users\Lenovo\TEC\Datos\Progra3\Proyecto3\Proyecto3\Arboles\Restaurantes.h(58,18): warning C4553: '==': result of expression not used; did you intend '='?
C:\Users\Lenovo\TEC\Datos\Progra3\Proyecto3\Proyecto3\Arboles\Arboles.h(30,20): error C2248: 'ArbolR::ArbolVacio': cannot access private member declared in class 'ArbolR'
C:\Users\Lenovo\TEC\Datos\Progra3\Proyecto3\Proyecto3\Arboles\Restaurantes.h(48,10): message : see declaration of 'ArbolR::ArbolVacio'
C:\Users\Lenovo\TEC\Datos\Progra3\Proyecto3\Proyecto3\Arboles\Restaurantes.h(21,7): message : see declaration of 'ArbolR'
C:\Users\Lenovo\TEC\Datos\Progra3\Proyecto3\Proyecto3\IngresoDatos.h(9,21): fatal  error C1075: '{': no matching token found
  Inicio.cpp
C:\Users\Lenovo\TEC\Datos\Progra3\Proyecto3\Proyecto3\Arboles\ArbolAux.h(46,20): warning C4267: 'initializing': conversion from 'size_t' to 'int', possible loss of data
C:\Users\Lenovo\TEC\Datos\Progra3\Proyecto3\Proyecto3\Arboles\ArbolAux.h(60,20): warning C4267: 'initializing': conversion from 'size_t' to 'int', possible loss of data
C:\Users\Lenovo\TEC\Datos\Progra3\Proyecto3\Proyecto3\Arboles\Paises.h(42,10): error C2535: 'bool ArbolP::ArbolVacio(void)': member function already defined or declared
C:\Users\Lenovo\TEC\Datos\Progra3\Proyecto3\Proyecto3\Arboles\Paises.h(37,10): message : see declaration of 'ArbolP::ArbolVacio'
C:\Users\Lenovo\TEC\Datos\Progra3\Proyecto3\Proyecto3\Arboles\Ciudades.h(58,10): error C2535: 'bool ArbolC::ArbolVacio(void)': member function already defined or declared
C:\Users\Lenovo\TEC\Datos\Progra3\Proyecto3\Proyecto3\Arboles\Ciudades.h(40,10): message : see declaration of 'ArbolC::ArbolVacio'
C:\Users\Lenovo\TEC\Datos\Progra3\Proyecto3\Proyecto3\Arboles\Restaurantes.h(356,10): error C2535: 'bool ArbolR::ArbolVacio(void)': member function already defined or declared
C:\Users\Lenovo\TEC\Datos\Progra3\Proyecto3\Proyecto3\Arboles\Restaurantes.h(48,10): message : see declaration of 'ArbolR::ArbolVacio'
C:\Users\Lenovo\TEC\Datos\Progra3\Proyecto3\Proyecto3\Arboles\Restaurantes.h(58,18): warning C4553: '==': result of expression not used; did you intend '='?
C:\Users\Lenovo\TEC\Datos\Progra3\Proyecto3\Proyecto3\Arboles\Arboles.h(30,20): error C2248: 'ArbolR::ArbolVacio': cannot access private member declared in class 'ArbolR'
C:\Users\Lenovo\TEC\Datos\Progra3\Proyecto3\Proyecto3\Arboles\Restaurantes.h(48,10): message : see declaration of 'ArbolR::ArbolVacio'
C:\Users\Lenovo\TEC\Datos\Progra3\Proyecto3\Proyecto3\Arboles\Restaurantes.h(21,7): message : see declaration of 'ArbolR'
C:\Users\Lenovo\TEC\Datos\Progra3\Proyecto3\Proyecto3\Ventana.h(6,1): error C2059: syntax error: 'namespace'
C:\Users\Lenovo\TEC\Datos\Progra3\Proyecto3\Proyecto3\Ventana.h(6,21): error C2143: syntax error: missing ';' before '{'
C:\Users\Lenovo\TEC\Datos\Progra3\Proyecto3\Proyecto3\IngresoDatos.h(1107,2): error C2059: syntax error: 'public'
C:\Users\Lenovo\TEC\Datos\Progra3\Proyecto3\Proyecto3\IngresoDatos.h(1107,36): error C2143: syntax error: missing ';' before '{'
C:\Users\Lenovo\TEC\Datos\Progra3\Proyecto3\Proyecto3\IngresoDatos.h(782,57): warning C4390: ';': empty controlled statement found; is this the intent?
C:\Users\Lenovo\TEC\Datos\Progra3\Proyecto3\Proyecto3\Ventana.h(6,21): error C2447: '{': missing function header (old-style formal list?)
C:\Users\Lenovo\TEC\Datos\Progra3\Proyecto3\Proyecto3\Inicio.h(226,4): error C2065: 'Ventana': undeclared identifier
C:\Users\Lenovo\TEC\Datos\Progra3\Proyecto3\Proyecto3\Inicio.h(226,13): error C2065: 'menu': undeclared identifier
C:\Users\Lenovo\TEC\Datos\Progra3\Proyecto3\Proyecto3\Inicio.h(226,26): error C2061: syntax error: identifier 'Ventana'
C:\Users\Lenovo\TEC\Datos\Progra3\Proyecto3\Proyecto3\Inicio.h(227,4): error C2065: 'menu': undeclared identifier
C:\Users\Lenovo\TEC\Datos\Progra3\Proyecto3\Proyecto3\Inicio.h(227,27): error C2653: 'Ventana': is not a class or namespace name
C:\Users\Lenovo\TEC\Datos\Progra3\Proyecto3\Proyecto3\Inicio.h(227,36): error C2061: syntax error: identifier 'VentanaCerrada'
C:\Users\Lenovo\TEC\Datos\Progra3\Proyecto3\Proyecto3\Inicio.h(228,4): error C2065: 'menu': undeclared identifier
C:\Users\Lenovo\TEC\Datos\Progra3\Proyecto3\Proyecto3\Inicio.h(233,4): error C2065: 'menu': undeclared identifier
C:\Users\Lenovo\TEC\Datos\Progra3\Proyecto3\Proyecto3\IngresoDatos.h(9,21): fatal  error C1075: '{': no matching token found
  Ventana.cpp
C:\Users\Lenovo\TEC\Datos\Progra3\Proyecto3\Proyecto3\Arboles\ArbolAux.h(46,20): warning C4267: 'initializing': conversion from 'size_t' to 'int', possible loss of data
C:\Users\Lenovo\TEC\Datos\Progra3\Proyecto3\Proyecto3\Arboles\ArbolAux.h(60,20): warning C4267: 'initializing': conversion from 'size_t' to 'int', possible loss of data
C:\Users\Lenovo\TEC\Datos\Progra3\Proyecto3\Proyecto3\Arboles\Paises.h(42,10): error C2535: 'bool ArbolP::ArbolVacio(void)': member function already defined or declared
C:\Users\Lenovo\TEC\Datos\Progra3\Proyecto3\Proyecto3\Arboles\Paises.h(37,10): message : see declaration of 'ArbolP::ArbolVacio'
C:\Users\Lenovo\TEC\Datos\Progra3\Proyecto3\Proyecto3\Arboles\Ciudades.h(58,10): error C2535: 'bool ArbolC::ArbolVacio(void)': member function already defined or declared
C:\Users\Lenovo\TEC\Datos\Progra3\Proyecto3\Proyecto3\Arboles\Ciudades.h(40,10): message : see declaration of 'ArbolC::ArbolVacio'
C:\Users\Lenovo\TEC\Datos\Progra3\Proyecto3\Proyecto3\Arboles\Restaurantes.h(356,10): error C2535: 'bool ArbolR::ArbolVacio(void)': member function already defined or declared
C:\Users\Lenovo\TEC\Datos\Progra3\Proyecto3\Proyecto3\Arboles\Restaurantes.h(48,10): message : see declaration of 'ArbolR::ArbolVacio'
C:\Users\Lenovo\TEC\Datos\Progra3\Proyecto3\Proyecto3\Arboles\Restaurantes.h(58,18): warning C4553: '==': result of expression not used; did you intend '='?
C:\Users\Lenovo\TEC\Datos\Progra3\Proyecto3\Proyecto3\Arboles\Arboles.h(30,20): error C2248: 'ArbolR::ArbolVacio': cannot access private member declared in class 'ArbolR'
C:\Users\Lenovo\TEC\Datos\Progra3\Proyecto3\Proyecto3\Arboles\Restaurantes.h(48,10): message : see declaration of 'ArbolR::ArbolVacio'
C:\Users\Lenovo\TEC\Datos\Progra3\Proyecto3\Proyecto3\Arboles\Restaurantes.h(21,7): message : see declaration of 'ArbolR'
C:\Users\Lenovo\TEC\Datos\Progra3\Proyecto3\Proyecto3\Ventana.h(6,1): error C2059: syntax error: 'namespace'
C:\Users\Lenovo\TEC\Datos\Progra3\Proyecto3\Proyecto3\Ventana.h(6,21): error C2143: syntax error: missing ';' before '{'
C:\Users\Lenovo\TEC\Datos\Progra3\Proyecto3\Proyecto3\IngresoDatos.h(1107,2): error C2059: syntax error: 'public'
C:\Users\Lenovo\TEC\Datos\Progra3\Proyecto3\Proyecto3\IngresoDatos.h(1107,36): error C2143: syntax error: missing ';' before '{'
C:\Users\Lenovo\TEC\Datos\Progra3\Proyecto3\Proyecto3\IngresoDatos.h(782,57): warning C4390: ';': empty controlled statement found; is this the intent?
C:\Users\Lenovo\TEC\Datos\Progra3\Proyecto3\Proyecto3\Ventana.h(6,21): error C2447: '{': missing function header (old-style formal list?)
C:\Users\Lenovo\TEC\Datos\Progra3\Proyecto3\Proyecto3\IngresoDatos.h(9,21): fatal  error C1075: '{': no matching token found
  Generating Code...
